[ERROR] 2026-02-24 11:00:04 django.request log.log_response - Internal Server Error: /app/equipe/
Traceback (most recent call last):
  File "/home/vboxuser/Documents/juridicflow/venv/lib/python3.13/site-packages/django/core/handlers/exception.py", line 55, in inner
    response = get_response(request)
  File "/home/vboxuser/Documents/juridicflow/venv/lib/python3.13/site-packages/django/core/handlers/base.py", line 197, in _get_response
    response = wrapped_callback(request, *callback_args, **callback_kwargs)
  File "/home/vboxuser/Documents/juridicflow/venv/lib/python3.13/site-packages/django/contrib/auth/decorators.py", line 23, in _wrapper_view
    return view_func(request, *args, **kwargs)
  File "/home/vboxuser/Documents/juridicflow/apps/portal/decorators.py", line 34, in wrapper
    return view_func(request, *args, **kwargs)
  File "/home/vboxuser/Documents/juridicflow/apps/shared/permissions.py", line 29, in wrapper
    return view_func(request, *args, **kwargs)
  File "/home/vboxuser/Documents/juridicflow/apps/portal/views/equipe.py", line 403, in equipe
    return render(request, "portal/equipe/lista.html", {
        "active_page": "equipe",
    ...<2 lines>...
        "office": office,
    })
  File "/home/vboxuser/Documents/juridicflow/venv/lib/python3.13/site-packages/django/shortcuts.py", line 25, in render
    content = loader.render_to_string(template_name, context, request, using=using)
  File "/home/vboxuser/Documents/juridicflow/venv/lib/python3.13/site-packages/django/template/loader.py", line 62, in render_to_string
    return template.render(context, request)
           ~~~~~~~~~~~~~~~^^^^^^^^^^^^^^^^^^
  File "/home/vboxuser/Documents/juridicflow/venv/lib/python3.13/site-packages/django/template/backends/django.py", line 61, in render
    return self.template.render(context)
           ~~~~~~~~~~~~~~~~~~~~^^^^^^^^^
  File "/home/vboxuser/Documents/juridicflow/venv/lib/python3.13/site-packages/django/template/base.py", line 171, in render
    return self._render(context)
           ~~~~~~~~~~~~^^^^^^^^^
  File "/home/vboxuser/Documents/juridicflow/venv/lib/python3.13/site-packages/django/template/base.py", line 163, in _render
    return self.nodelist.render(context)
           ~~~~~~~~~~~~~~~~~~~~^^^^^^^^^
  File "/home/vboxuser/Documents/juridicflow/venv/lib/python3.13/site-packages/django/template/base.py", line 1000, in render
    return SafeString("".join([node.render_annotated(context) for node in self]))
                               ~~~~~~~~~~~~~~~~~~~~~^^^^^^^^^
  File "/home/vboxuser/Documents/juridicflow/venv/lib/python3.13/site-packages/django/template/base.py", line 961, in render_annotated
    return self.render(context)
           ~~~~~~~~~~~^^^^^^^^^
  File "/home/vboxuser/Documents/juridicflow/venv/lib/python3.13/site-packages/django/template/loader_tags.py", line 159, in render
    return compiled_parent._render(context)
           ~~~~~~~~~~~~~~~~~~~~~~~^^^^^^^^^
  File "/home/vboxuser/Documents/juridicflow/venv/lib/python3.13/site-packages/django/template/base.py", line 163, in _render
    return self.nodelist.render(context)
           ~~~~~~~~~~~~~~~~~~~~^^^^^^^^^
  File "/home/vboxuser/Documents/juridicflow/venv/lib/python3.13/site-packages/django/template/base.py", line 1000, in render
    return SafeString("".join([node.render_annotated(context) for node in self]))
                               ~~~~~~~~~~~~~~~~~~~~~^^^^^^^^^
  File "/home/vboxuser/Documents/juridicflow/venv/lib/python3.13/site-packages/django/template/base.py", line 961, in render_annotated
    return self.render(context)
           ~~~~~~~~~~~^^^^^^^^^
  File "/home/vboxuser/Documents/juridicflow/venv/lib/python3.13/site-packages/django/template/loader_tags.py", line 65, in render
    result = block.nodelist.render(context)
  File "/home/vboxuser/Documents/juridicflow/venv/lib/python3.13/site-packages/django/template/base.py", line 1000, in render
    return SafeString("".join([node.render_annotated(context) for node in self]))
                               ~~~~~~~~~~~~~~~~~~~~~^^^^^^^^^
  File "/home/vboxuser/Documents/juridicflow/venv/lib/python3.13/site-packages/django/template/base.py", line 961, in render_annotated
    return self.render(context)
           ~~~~~~~~~~~^^^^^^^^^
  File "/home/vboxuser/Documents/juridicflow/venv/lib/python3.13/site-packages/django/template/defaulttags.py", line 326, in render
    return nodelist.render(context)
           ~~~~~~~~~~~~~~~^^^^^^^^^
  File "/home/vboxuser/Documents/juridicflow/venv/lib/python3.13/site-packages/django/template/base.py", line 1000, in render
    return SafeString("".join([node.render_annotated(context) for node in self]))
                               ~~~~~~~~~~~~~~~~~~~~~^^^^^^^^^
  File "/home/vboxuser/Documents/juridicflow/venv/lib/python3.13/site-packages/django/template/base.py", line 961, in render_annotated
    return self.render(context)
           ~~~~~~~~~~~^^^^^^^^^
  File "/home/vboxuser/Documents/juridicflow/venv/lib/python3.13/site-packages/django/template/defaulttags.py", line 198, in render
    len_values = len(values)
  File "/home/vboxuser/Documents/juridicflow/venv/lib/python3.13/site-packages/django/db/models/query.py", line 382, in __len__
    self._fetch_all()
    ~~~~~~~~~~~~~~~^^
  File "/home/vboxuser/Documents/juridicflow/venv/lib/python3.13/site-packages/django/db/models/query.py", line 1928, in _fetch_all
    self._result_cache = list(self._iterable_class(self))
                         ~~~~^^^^^^^^^^^^^^^^^^^^^^^^^^^^
  File "/home/vboxuser/Documents/juridicflow/venv/lib/python3.13/site-packages/django/db/models/query.py", line 91, in __iter__
    results = compiler.execute_sql(
        chunked_fetch=self.chunked_fetch, chunk_size=self.chunk_size
    )
  File "/home/vboxuser/Documents/juridicflow/venv/lib/python3.13/site-packages/django/db/models/sql/compiler.py", line 1549, in execute_sql
    sql, params = self.as_sql()
                  ~~~~~~~~~~~^^
  File "/home/vboxuser/Documents/juridicflow/venv/lib/python3.13/site-packages/django/db/models/sql/compiler.py", line 751, in as_sql
    result, params = self.get_combinator_sql(
                     ~~~~~~~~~~~~~~~~~~~~~~~^
        combinator, self.query.combinator_all
        ^^^^^^^^^^^^^^^^^^^^^^^^^^^^^^^^^^^^^
    )
    ^
  File "/home/vboxuser/Documents/juridicflow/venv/lib/python3.13/site-packages/django/db/models/sql/compiler.py", line 562, in get_combinator_sql
    raise DatabaseError(
        "ORDER BY not allowed in subqueries of compound statements."
    )
django.db.utils.DatabaseError: ORDER BY not allowed in subqueries of compound statements.
[ERROR] 2026-02-24 11:00:04 django.server basehttp.log_message - "GET /app/equipe/ HTTP/1.1" 500 215135
[ERROR] 2026-02-24 11:07:38 django.request log.log_response - Internal Server Error: /app/equipe/
Traceback (most recent call last):
  File "/home/vboxuser/Documents/juridicflow/venv/lib/python3.13/site-packages/django/core/handlers/exception.py", line 55, in inner
    response = get_response(request)
  File "/home/vboxuser/Documents/juridicflow/venv/lib/python3.13/site-packages/django/core/handlers/base.py", line 197, in _get_response
    response = wrapped_callback(request, *callback_args, **callback_kwargs)
  File "/home/vboxuser/Documents/juridicflow/venv/lib/python3.13/site-packages/django/contrib/auth/decorators.py", line 23, in _wrapper_view
    return view_func(request, *args, **kwargs)
  File "/home/vboxuser/Documents/juridicflow/apps/portal/decorators.py", line 34, in wrapper
    return view_func(request, *args, **kwargs)
  File "/home/vboxuser/Documents/juridicflow/apps/shared/permissions.py", line 29, in wrapper
    return view_func(request, *args, **kwargs)
  File "/home/vboxuser/Documents/juridicflow/apps/portal/views/equipe.py", line 403, in equipe
    return render(request, "portal/equipe/lista.html", {
        "active_page": "equipe",
    ...<2 lines>...
        "office": office,
    })
  File "/home/vboxuser/Documents/juridicflow/venv/lib/python3.13/site-packages/django/shortcuts.py", line 25, in render
    content = loader.render_to_string(template_name, context, request, using=using)
  File "/home/vboxuser/Documents/juridicflow/venv/lib/python3.13/site-packages/django/template/loader.py", line 62, in render_to_string
    return template.render(context, request)
           ~~~~~~~~~~~~~~~^^^^^^^^^^^^^^^^^^
  File "/home/vboxuser/Documents/juridicflow/venv/lib/python3.13/site-packages/django/template/backends/django.py", line 61, in render
    return self.template.render(context)
           ~~~~~~~~~~~~~~~~~~~~^^^^^^^^^
  File "/home/vboxuser/Documents/juridicflow/venv/lib/python3.13/site-packages/django/template/base.py", line 171, in render
    return self._render(context)
           ~~~~~~~~~~~~^^^^^^^^^
  File "/home/vboxuser/Documents/juridicflow/venv/lib/python3.13/site-packages/django/template/base.py", line 163, in _render
    return self.nodelist.render(context)
           ~~~~~~~~~~~~~~~~~~~~^^^^^^^^^
  File "/home/vboxuser/Documents/juridicflow/venv/lib/python3.13/site-packages/django/template/base.py", line 1000, in render
    return SafeString("".join([node.render_annotated(context) for node in self]))
                               ~~~~~~~~~~~~~~~~~~~~~^^^^^^^^^
  File "/home/vboxuser/Documents/juridicflow/venv/lib/python3.13/site-packages/django/template/base.py", line 961, in render_annotated
    return self.render(context)
           ~~~~~~~~~~~^^^^^^^^^
  File "/home/vboxuser/Documents/juridicflow/venv/lib/python3.13/site-packages/django/template/loader_tags.py", line 159, in render
    return compiled_parent._render(context)
           ~~~~~~~~~~~~~~~~~~~~~~~^^^^^^^^^
  File "/home/vboxuser/Documents/juridicflow/venv/lib/python3.13/site-packages/django/template/base.py", line 163, in _render
    return self.nodelist.render(context)
           ~~~~~~~~~~~~~~~~~~~~^^^^^^^^^
  File "/home/vboxuser/Documents/juridicflow/venv/lib/python3.13/site-packages/django/template/base.py", line 1000, in render
    return SafeString("".join([node.render_annotated(context) for node in self]))
                               ~~~~~~~~~~~~~~~~~~~~~^^^^^^^^^
  File "/home/vboxuser/Documents/juridicflow/venv/lib/python3.13/site-packages/django/template/base.py", line 961, in render_annotated
    return self.render(context)
           ~~~~~~~~~~~^^^^^^^^^
  File "/home/vboxuser/Documents/juridicflow/venv/lib/python3.13/site-packages/django/template/loader_tags.py", line 65, in render
    result = block.nodelist.render(context)
  File "/home/vboxuser/Documents/juridicflow/venv/lib/python3.13/site-packages/django/template/base.py", line 1000, in render
    return SafeString("".join([node.render_annotated(context) for node in self]))
                               ~~~~~~~~~~~~~~~~~~~~~^^^^^^^^^
  File "/home/vboxuser/Documents/juridicflow/venv/lib/python3.13/site-packages/django/template/base.py", line 961, in render_annotated
    return self.render(context)
           ~~~~~~~~~~~^^^^^^^^^
  File "/home/vboxuser/Documents/juridicflow/venv/lib/python3.13/site-packages/django/template/defaulttags.py", line 326, in render
    return nodelist.render(context)
           ~~~~~~~~~~~~~~~^^^^^^^^^
  File "/home/vboxuser/Documents/juridicflow/venv/lib/python3.13/site-packages/django/template/base.py", line 1000, in render
    return SafeString("".join([node.render_annotated(context) for node in self]))
                               ~~~~~~~~~~~~~~~~~~~~~^^^^^^^^^
  File "/home/vboxuser/Documents/juridicflow/venv/lib/python3.13/site-packages/django/template/base.py", line 961, in render_annotated
    return self.render(context)
           ~~~~~~~~~~~^^^^^^^^^
  File "/home/vboxuser/Documents/juridicflow/venv/lib/python3.13/site-packages/django/template/defaulttags.py", line 198, in render
    len_values = len(values)
  File "/home/vboxuser/Documents/juridicflow/venv/lib/python3.13/site-packages/django/db/models/query.py", line 382, in __len__
    self._fetch_all()
    ~~~~~~~~~~~~~~~^^
  File "/home/vboxuser/Documents/juridicflow/venv/lib/python3.13/site-packages/django/db/models/query.py", line 1928, in _fetch_all
    self._result_cache = list(self._iterable_class(self))
                         ~~~~^^^^^^^^^^^^^^^^^^^^^^^^^^^^
  File "/home/vboxuser/Documents/juridicflow/venv/lib/python3.13/site-packages/django/db/models/query.py", line 91, in __iter__
    results = compiler.execute_sql(
        chunked_fetch=self.chunked_fetch, chunk_size=self.chunk_size
    )
  File "/home/vboxuser/Documents/juridicflow/venv/lib/python3.13/site-packages/django/db/models/sql/compiler.py", line 1549, in execute_sql
    sql, params = self.as_sql()
                  ~~~~~~~~~~~^^
  File "/home/vboxuser/Documents/juridicflow/venv/lib/python3.13/site-packages/django/db/models/sql/compiler.py", line 751, in as_sql
    result, params = self.get_combinator_sql(
                     ~~~~~~~~~~~~~~~~~~~~~~~^
        combinator, self.query.combinator_all
        ^^^^^^^^^^^^^^^^^^^^^^^^^^^^^^^^^^^^^
    )
    ^
  File "/home/vboxuser/Documents/juridicflow/venv/lib/python3.13/site-packages/django/db/models/sql/compiler.py", line 562, in get_combinator_sql
    raise DatabaseError(
        "ORDER BY not allowed in subqueries of compound statements."
    )
django.db.utils.DatabaseError: ORDER BY not allowed in subqueries of compound statements.
[ERROR] 2026-02-24 11:07:38 django.server basehttp.log_message - "GET /app/equipe/ HTTP/1.1" 500 215113
[ERROR] 2026-02-24 11:10:05 django.request log.log_response - Internal Server Error: /app/equipe/
Traceback (most recent call last):
  File "/home/vboxuser/Documents/juridicflow/venv/lib/python3.13/site-packages/django/core/handlers/exception.py", line 55, in inner
    response = get_response(request)
  File "/home/vboxuser/Documents/juridicflow/venv/lib/python3.13/site-packages/django/core/handlers/base.py", line 197, in _get_response
    response = wrapped_callback(request, *callback_args, **callback_kwargs)
  File "/home/vboxuser/Documents/juridicflow/venv/lib/python3.13/site-packages/django/contrib/auth/decorators.py", line 23, in _wrapper_view
    return view_func(request, *args, **kwargs)
  File "/home/vboxuser/Documents/juridicflow/apps/portal/decorators.py", line 34, in wrapper
    return view_func(request, *args, **kwargs)
  File "/home/vboxuser/Documents/juridicflow/apps/shared/permissions.py", line 29, in wrapper
    return view_func(request, *args, **kwargs)
  File "/home/vboxuser/Documents/juridicflow/apps/portal/views/equipe.py", line 403, in equipe
    return render(request, "portal/equipe/lista.html", {
        "active_page": "equipe",
    ...<2 lines>...
        "office": office,
    })
  File "/home/vboxuser/Documents/juridicflow/venv/lib/python3.13/site-packages/django/shortcuts.py", line 25, in render
    content = loader.render_to_string(template_name, context, request, using=using)
  File "/home/vboxuser/Documents/juridicflow/venv/lib/python3.13/site-packages/django/template/loader.py", line 62, in render_to_string
    return template.render(context, request)
           ~~~~~~~~~~~~~~~^^^^^^^^^^^^^^^^^^
  File "/home/vboxuser/Documents/juridicflow/venv/lib/python3.13/site-packages/django/template/backends/django.py", line 61, in render
    return self.template.render(context)
           ~~~~~~~~~~~~~~~~~~~~^^^^^^^^^
  File "/home/vboxuser/Documents/juridicflow/venv/lib/python3.13/site-packages/django/template/base.py", line 171, in render
    return self._render(context)
           ~~~~~~~~~~~~^^^^^^^^^
  File "/home/vboxuser/Documents/juridicflow/venv/lib/python3.13/site-packages/django/template/base.py", line 163, in _render
    return self.nodelist.render(context)
           ~~~~~~~~~~~~~~~~~~~~^^^^^^^^^
  File "/home/vboxuser/Documents/juridicflow/venv/lib/python3.13/site-packages/django/template/base.py", line 1000, in render
    return SafeString("".join([node.render_annotated(context) for node in self]))
                               ~~~~~~~~~~~~~~~~~~~~~^^^^^^^^^
  File "/home/vboxuser/Documents/juridicflow/venv/lib/python3.13/site-packages/django/template/base.py", line 961, in render_annotated
    return self.render(context)
           ~~~~~~~~~~~^^^^^^^^^
  File "/home/vboxuser/Documents/juridicflow/venv/lib/python3.13/site-packages/django/template/loader_tags.py", line 159, in render
    return compiled_parent._render(context)
           ~~~~~~~~~~~~~~~~~~~~~~~^^^^^^^^^
  File "/home/vboxuser/Documents/juridicflow/venv/lib/python3.13/site-packages/django/template/base.py", line 163, in _render
    return self.nodelist.render(context)
           ~~~~~~~~~~~~~~~~~~~~^^^^^^^^^
  File "/home/vboxuser/Documents/juridicflow/venv/lib/python3.13/site-packages/django/template/base.py", line 1000, in render
    return SafeString("".join([node.render_annotated(context) for node in self]))
                               ~~~~~~~~~~~~~~~~~~~~~^^^^^^^^^
  File "/home/vboxuser/Documents/juridicflow/venv/lib/python3.13/site-packages/django/template/base.py", line 961, in render_annotated
    return self.render(context)
           ~~~~~~~~~~~^^^^^^^^^
  File "/home/vboxuser/Documents/juridicflow/venv/lib/python3.13/site-packages/django/template/loader_tags.py", line 65, in render
    result = block.nodelist.render(context)
  File "/home/vboxuser/Documents/juridicflow/venv/lib/python3.13/site-packages/django/template/base.py", line 1000, in render
    return SafeString("".join([node.render_annotated(context) for node in self]))
                               ~~~~~~~~~~~~~~~~~~~~~^^^^^^^^^
  File "/home/vboxuser/Documents/juridicflow/venv/lib/python3.13/site-packages/django/template/base.py", line 961, in render_annotated
    return self.render(context)
           ~~~~~~~~~~~^^^^^^^^^
  File "/home/vboxuser/Documents/juridicflow/venv/lib/python3.13/site-packages/django/template/defaulttags.py", line 326, in render
    return nodelist.render(context)
           ~~~~~~~~~~~~~~~^^^^^^^^^
  File "/home/vboxuser/Documents/juridicflow/venv/lib/python3.13/site-packages/django/template/base.py", line 1000, in render
    return SafeString("".join([node.render_annotated(context) for node in self]))
                               ~~~~~~~~~~~~~~~~~~~~~^^^^^^^^^
  File "/home/vboxuser/Documents/juridicflow/venv/lib/python3.13/site-packages/django/template/base.py", line 961, in render_annotated
    return self.render(context)
           ~~~~~~~~~~~^^^^^^^^^
  File "/home/vboxuser/Documents/juridicflow/venv/lib/python3.13/site-packages/django/template/defaulttags.py", line 198, in render
    len_values = len(values)
  File "/home/vboxuser/Documents/juridicflow/venv/lib/python3.13/site-packages/django/db/models/query.py", line 382, in __len__
    self._fetch_all()
    ~~~~~~~~~~~~~~~^^
  File "/home/vboxuser/Documents/juridicflow/venv/lib/python3.13/site-packages/django/db/models/query.py", line 1928, in _fetch_all
    self._result_cache = list(self._iterable_class(self))
                         ~~~~^^^^^^^^^^^^^^^^^^^^^^^^^^^^
  File "/home/vboxuser/Documents/juridicflow/venv/lib/python3.13/site-packages/django/db/models/query.py", line 91, in __iter__
    results = compiler.execute_sql(
        chunked_fetch=self.chunked_fetch, chunk_size=self.chunk_size
    )
  File "/home/vboxuser/Documents/juridicflow/venv/lib/python3.13/site-packages/django/db/models/sql/compiler.py", line 1549, in execute_sql
    sql, params = self.as_sql()
                  ~~~~~~~~~~~^^
  File "/home/vboxuser/Documents/juridicflow/venv/lib/python3.13/site-packages/django/db/models/sql/compiler.py", line 751, in as_sql
    result, params = self.get_combinator_sql(
                     ~~~~~~~~~~~~~~~~~~~~~~~^
        combinator, self.query.combinator_all
        ^^^^^^^^^^^^^^^^^^^^^^^^^^^^^^^^^^^^^
    )
    ^
  File "/home/vboxuser/Documents/juridicflow/venv/lib/python3.13/site-packages/django/db/models/sql/compiler.py", line 562, in get_combinator_sql
    raise DatabaseError(
        "ORDER BY not allowed in subqueries of compound statements."
    )
django.db.utils.DatabaseError: ORDER BY not allowed in subqueries of compound statements.
[ERROR] 2026-02-24 11:10:05 django.server basehttp.log_message - "GET /app/equipe/ HTTP/1.1" 500 215113
